<?xml version="1.0" encoding="UTF-8"?>
<coverage generated="1696972678483" clover="3.2.0">
  <project timestamp="1696972678483" name="All files">
    <metrics statements="10" coveredstatements="6" conditionals="0" coveredconditionals="0" methods="2" coveredmethods="1" elements="12" coveredelements="7" complexity="0" loc="10" ncloc="10" packages="1" files="1" classes="1"/>
    <file name="messages.js" path="/Users/michael/Documents/10.3/module-two/labs/lab-json-and-persisting-data/messages.js">
      <metrics statements="10" coveredstatements="6" conditionals="0" coveredconditionals="0" methods="2" coveredmethods="1"/>
      <line num="1" count="1" type="stmt"/>
      <line num="4" count="1" type="stmt"/>
      <line num="5" count="2" type="stmt"/>
      <line num="12" count="2" type="stmt"/>
      <line num="17" count="1" type="stmt"/>
      <line num="18" count="0" type="stmt"/>
      <line num="19" count="0" type="stmt"/>
      <line num="20" count="0" type="stmt"/>
      <line num="22" count="0" type="stmt"/>
      <line num="25" count="1" type="stmt"/>
    </file>
  </project>
</coverage>
